
> discord-bot@1.0.0 dev
> tsx watch src/index.ts

[DEBUG] Loading configuration...
[DEBUG] BOT_PREFIX: undefined
[DEBUG] HEALTH_PORT: undefined
[DEBUG] API_URL: undefined
[DEBUG] Final configuration: {
  "prefix": "!",
  "healthPort": 3001,
  "apiUrl": "http://backenddev:3000"
}
[DEBUG] Looking for commands in: /home/bouloc/Repo/FateWeaverBot/bot/src/commands
[DEBUG] Found files: [ '_template.ts', 'help.ts', 'ping.ts' ]
[DEBUG] After deduplication: [ '_template.ts', 'help.ts', 'ping.ts' ]
[DEBUG] Loading command from: /home/bouloc/Repo/FateWeaverBot/bot/src/commands/_template.ts
[DEBUG] Imported module: [ 'command', 'default' ]
[DEBUG] Registering command: template
[INFO] Loaded command: template
[DEBUG] Loading command from: /home/bouloc/Repo/FateWeaverBot/bot/src/commands/help.ts
[DEBUG] Imported module: [ 'command', 'default' ]
[DEBUG] Registering command: help
[INFO] Loaded command: help
[DEBUG] Loading command from: /home/bouloc/Repo/FateWeaverBot/bot/src/commands/ping.ts
[DEBUG] Imported module: [ 'command', 'default' ]
[DEBUG] Registering command: ping
[INFO] Loaded command: ping
[DEBUG] Loaded commands: [ 'template', 'help', 'ping' ]
[DEBUG] Looking for events in: /home/bouloc/Repo/FateWeaverBot/bot/src/events
[DEBUG] Found event files: [ 'messageCreate.ts', 'ready.ts' ]
[DEBUG] Loading event from: /home/bouloc/Repo/FateWeaverBot/bot/src/events/messageCreate.ts
[DEBUG] Imported event module: [ 'default' ]
[DEBUG] Registering event: messageCreate (once: false)
[INFO] Loaded event: messageCreate
[DEBUG] Loading event from: /home/bouloc/Repo/FateWeaverBot/bot/src/events/ready.ts
[DEBUG] Imported event module: [ 'default' ]
[DEBUG] Registering event: ready (once: true)
[INFO] Loaded event: ready
[DEBUG] Registered event listeners: [ 'shardDisconnect', 'messageCreate', 'ready' ]
[INFO] 🩺 Health server listening on :3001
[INFO] Discord login successful
[INFO] ✅ Connecté en tant que FateWeaver#1187
(node:82994) DeprecationWarning: The ready event has been renamed to clientReady to distinguish it from the gateway READY event and will only emit under that name in v15. Please use clientReady instead.
(Use `node --trace-deprecation ...` to show where the warning was created)
[DEBUG] Message received: !ping
[DEBUG] Processing command: !ping
[DEBUG] Command parsed - name: 'ping', args: []
[DEBUG] Executing command: ping
[DEBUG] Message received: Pong 🏓 !
[DEBUG] Ignoring message from bot
[DEBUG] Command 'ping' executed successfully
